Invalid character (\) encountered while parsing (tag "TABLE" with attributes). 
Invalid character (\) encountered while parsing (tag "INPUT" with attributes). 
Invalid character (\) encountered while parsing (tag "OPTION" with attributes). 
Invalid character ($) encountered while parsing (tag "?PHP" with attributes). 
Invalid character (\) encountered while parsing (tag "TABLE" with attributes). 
Invalid character (\) encountered while parsing (tag "OPTION" with attributes). 
Invalid character (\) encountered while parsing (tag "A" with attributes). 
Invalid character (\) encountered while parsing (tag "A" with attributes). 
Invalid character (\) encountered while parsing (tag "OPTION" with attributes). 
Invalid character (\) encountered while parsing (tag "FORM" with attributes). 
Invalid character (\) encountered while parsing (tag "OPTION" with attributes). 
Invalid character (\) encountered while parsing (tag "FORM" with attributes). 
Invalid character (\) encountered while parsing (tag "INPUT" with attributes). 
Invalid character (\) encountered while parsing (tag "INPUT" with attributes). 
Invalid character (\) encountered while parsing (tag "FORM" with attributes). 
Invalid character (\) encountered while parsing (tag "A" with attributes). 
Invalid character (\) encountered while parsing (tag "A" with attributes). 
Invalid character (\) encountered while parsing (tag "INPUT" with attributes). 
Invalid character (\) encountered while parsing (tag "INPUT" with attributes). 
Invalid character ([) encountered while parsing (tag "DOCUMENT.FORMULARI.ELEMENTS.LENGTH;I++)" with attributes). 
Invalid character (\) encountered while parsing (tag "TABLE" with attributes). 
Invalid character (\) encountered while parsing (tag "TABLE" with attributes). 
Invalid character (\) encountered while parsing (tag "TD" with attributes). 
Invalid character (\) encountered while parsing (tag "TABLE" with attributes). 
Invalid character (\) encountered while parsing (tag "TD" with attributes). 
Invalid character (\) encountered while parsing (tag "TD" with attributes). 
Invalid character (\) encountered while parsing (tag "FONT" with attributes). 
Invalid character (\) encountered while parsing (tag "FONT" with attributes). 
Invalid character (\) encountered while parsing (tag "FONT" with attributes). 
Invalid character (\) encountered while parsing (tag "FONT" with attributes). 
Invalid character (\) encountered while parsing (tag "FONT" with attributes). 
Invalid character (\) encountered while parsing (tag "FONT" with attributes). 
Invalid character (\) encountered while parsing (tag "FONT" with attributes). 
Invalid character (\) encountered while parsing (tag "INPUT" with attributes). 
Invalid character (\) encountered while parsing (tag "FORM" with attributes). 
Invalid character (\) encountered while parsing (tag "TD" with attributes). 
Invalid character (\) encountered while parsing (tag "INPUT" with attributes). 
Invalid character (\) encountered while parsing (tag "INPUT" with attributes). 
Invalid character (\) encountered while parsing (tag "INPUT" with attributes). 
Invalid character (\) encountered while parsing (tag "INPUT" with attributes). 
Invalid character (\) encountered while parsing (tag "INPUT" with attributes). 
Invalid character (\) encountered while parsing (tag "INPUT" with attributes). 
Invalid character (\) encountered while parsing (tag "INPUT" with attributes). 
Invalid character (\) encountered while parsing (tag "INPUT" with attributes). 
Invalid character (\) encountered while parsing (tag "INPUT" with attributes). 
Invalid character (\) encountered while parsing (tag "INPUT" with attributes). 
Invalid character (\) encountered while parsing (tag "INPUT" with attributes). 
Invalid character (\) encountered while parsing (tag "FORM" with attributes). 
Invalid character (\) encountered while parsing (tag "FORM" with attributes). 
Invalid character ({) encountered while parsing (tag "CASILLA.FORM.CASILLAL.LENGTH;I++)" with attributes). 
Invalid character ({) encountered while parsing (tag "CASILLA.FORM.CASILLAL.LENGTH;I++)" with attributes). 
Invalid character ({) encountered while parsing (tag "CASILLA.FORM.CASILLAL.LENGTH;I++)" with attributes). 
Invalid character ({) encountered while parsing (tag "CASILLA.FORM.CASILLAL.LENGTH;I++)" with attributes). 
Invalid character ($) encountered while parsing (tag "COUNT($CAMPOS);" with attributes). 
Invalid character (\) encountered while parsing (tag "FORM" with attributes). 
Invalid character ([) encountered while parsing (tag "FORM1.ELEMENTS.LENGTH;I++)" with attributes). 
Invalid character ({) encountered while parsing (tag "CASILLA.FORM.CASILLA1.LENGTH;I++)" with attributes). 
Invalid character ({) encountered while parsing (tag "CASILLA.FORM.CASILLA1.LENGTH;I++)" with attributes). 
Invalid character ({) encountered while parsing (tag "CASILLA.FORM.CASILLA1.LENGTH;I++)" with attributes). 
Invalid character ({) encountered while parsing (tag "CASILLA.FORM.CASILLA1.LENGTH;I++)" with attributes). 
Invalid character (\) encountered while parsing (tag "INPUT" with attributes). 
Invalid character ($) encountered while parsing (tag "?PHP" with attributes function=). 
Invalid character (\) encountered while parsing (tag "TABLE" with attributes). 
Invalid character (\) encountered while parsing (tag "TABLE" with attributes). 
Invalid character (\) encountered while parsing (tag "A" with attributes). 
Invalid character (\) encountered while parsing (tag "A" with attributes). 
Invalid character (\) encountered while parsing (tag "A" with attributes). 
Invalid character (\) encountered while parsing (tag "FORM" with attributes). 
Invalid character (\) encountered while parsing (tag "INPUT" with attributes). 
Invalid character (\) encountered while parsing (tag "FORM" with attributes). 
Invalid character (\) encountered while parsing (tag "INPUT" with attributes). 
Invalid character (\) encountered while parsing (tag "INPUT" with attributes). 
Invalid character (\) encountered while parsing (tag "INPUT" with attributes). 
Invalid character (\) encountered while parsing (tag "FORM" with attributes). 
Invalid character ($) encountered while parsing (tag "STRLEN($DATA_INSERT);$I++){" with attributes while=). 
Invalid character ($) encountered while parsing (tag "STRLEN($DATA_INSERT);$I++){" with attributes while=). 
Invalid character ($) encountered while parsing (tag "STRLEN($DATA_INSERT);$I++){" with attributes while=). 
Invalid character ($) encountered while parsing (tag "STRLEN($DATA_INSERT);$I++){" with attributes while=). 
Invalid character ($) encountered while parsing (tag "STRLEN($DATA_COM);$I++){" with attributes while=). 
Invalid character (\) encountered while parsing (tag "INPUT" with attributes). 
Invalid character (\) encountered while parsing (tag "INPUT" with attributes). 
Invalid character (\) encountered while parsing (tag "A" with attributes). 
Invalid character (\) encountered while parsing (tag "A" with attributes). 
Invalid character (~) encountered while parsing (tag "?PHP" with attributes). 
Invalid character (~) encountered while parsing (tag "?PHP" with attributes). 
Invalid character (~) encountered while parsing (tag "?PHP" with attributes). 
Invalid character (\) encountered while parsing (tag "A" with attributes). 
Invalid character (\) encountered while parsing (tag "TABLE" with attributes). 
Invalid character (\) encountered while parsing (tag "TABLE" with attributes). 
Invalid character (\) encountered while parsing (tag "TABLE" with attributes). 
Invalid character (\) encountered while parsing (tag "TABLE" with attributes). 
Invalid character ($) encountered while parsing (tag "?PHP" with attributes). 
Invalid character (\) encountered while parsing (tag "TABLE" with attributes). 
Invalid character ($) encountered while parsing (tag "?PHP" with attributes). 
Invalid character ($) encountered while parsing (tag "?PHP" with attributes). 
Invalid character ($) encountered while parsing (tag "?PHP" with attributes). 
Invalid character (\) encountered while parsing (tag "TD" with attributes). 
Invalid character (\) encountered while parsing (tag "TD" with attributes). 
Invalid character (\) encountered while parsing (tag "OPTION" with attributes). 
Invalid character (\) encountered while parsing (tag "OPTION" with attributes). 
Invalid character (\) encountered while parsing (tag "INPUT" with attributes). 
Invalid character (\) encountered while parsing (tag "INPUT" with attributes). 
Invalid character (\) encountered while parsing (tag "TABLE" with attributes). 
Invalid character (\) encountered while parsing (tag "INPUT" with attributes). 
Invalid character (\) encountered while parsing (tag "INPUT" with attributes). 
Invalid character ($) encountered while parsing (tag "?PHP" with attributes). 
Invalid character (~) encountered while parsing (tag "?PHP" with attributes). 
Invalid character (~) encountered while parsing (tag "?PHP" with attributes). 
Invalid character ($) encountered while parsing (tag "?PHP" with attributes). 
Invalid character ($) encountered while parsing (tag "?PHP" with attributes). 
Invalid character (~) encountered while parsing (tag "?PHP" with attributes). 
Invalid character (\) encountered while parsing (tag "INPUT" with attributes). 
Invalid character (\) encountered while parsing (tag "INPUT" with attributes). 
Invalid character (\) encountered while parsing (tag "INPUT" with attributes). 
Invalid character (\) encountered while parsing (tag "FORM" with attributes). 
Invalid character (\) encountered while parsing (tag "INPUT" with attributes). 
Invalid character (\) encountered while parsing (tag "INPUT" with attributes). 
Invalid character (\) encountered while parsing (tag "INPUT" with attributes). 
Invalid character (\) encountered while parsing (tag "INPUT" with attributes). 
Invalid character (\) encountered while parsing (tag "INPUT" with attributes). 
Invalid character (\) encountered while parsing (tag "FORM" with attributes). 
Invalid character (\) encountered while parsing (tag "A" with attributes). 
Invalid character (~) encountered while parsing (tag "?PHP" with attributes). 
Invalid character (~) encountered while parsing (tag "?PHP" with attributes). 
Invalid character (~) encountered while parsing (tag "?PHP" with attributes). 
Invalid character (~) encountered while parsing (tag "?PHP" with attributes). 
Invalid character (\) encountered while parsing (tag "A" with attributes). 
Invalid character (~) encountered while parsing (tag "?PHP" with attributes). 
Invalid character (~) encountered while parsing (tag "?PHP" with attributes). 
Invalid character (~) encountered while parsing (tag "?PHP" with attributes). 
Invalid character (~) encountered while parsing (tag "?PHP" with attributes). 
Invalid character (~) encountered while parsing (tag "?PHP" with attributes). 
Invalid character (~) encountered while parsing (tag "?PHP" with attributes). 
Invalid character (~) encountered while parsing (tag "?PHP" with attributes). 
Invalid character (~) encountered while parsing (tag "?PHP" with attributes). 
Invalid character (\) encountered while parsing (tag "TR" with attributes). 
Invalid character (\) encountered while parsing (tag "TR" with attributes). 
Invalid character (\) encountered while parsing (tag "SELECT" with attributes). 
Invalid character (~) encountered while parsing (tag "?PHP" with attributes). 
Invalid character (~) encountered while parsing (tag "?PHP" with attributes). 
Invalid character (~) encountered while parsing (tag "?PHP" with attributes). 
Invalid character (~) encountered while parsing (tag "?PHP" with attributes). 
Invalid character (~) encountered while parsing (tag "?PHP" with attributes). 
Invalid character ($) encountered while parsing (tag "?PHP" with attributes). 
Invalid character ($) encountered while parsing (tag "?PHP" with attributes). 
Invalid character (\) encountered while parsing (tag "INPUT" with attributes). 
Invalid character ({) encountered while parsing (tag "COUNT($CERVEZAS);$I++)" with attributes). 
Invalid character ({) encountered while parsing (tag "COUNT($CERVEZAS);$I++)" with attributes). 
Invalid character ({) encountered while parsing (tag "COUNT($CERVEZAS);$I++)" with attributes). 
Invalid character ({) encountered while parsing (tag "COUNT($CERVEZAS);$I++)" with attributes). 
Invalid character ({) encountered while parsing (tag "COUNT($CERVEZAS);$I++)" with attributes). 
Invalid character ({) encountered while parsing (tag "COUNT($CERVEZAS);$I++)" with attributes). 
Invalid character (\) encountered while parsing (tag "SELECT" with attributes multiple=). 
Invalid character (\) encountered while parsing (tag "SELECT" with attributes multiple=). 
Invalid character (\) encountered while parsing (tag "SELECT" with attributes multiple=). 
Invalid character (\) encountered while parsing (tag "OPTION" with attributes). 
Invalid character (\) encountered while parsing (tag "FORM" with attributes). 
Invalid character ($) encountered while parsing (tag "?PHP" with attributes). 
Invalid character ($) encountered while parsing (tag "?PHP" with attributes). 
Invalid character ($) encountered while parsing (tag "?PHP" with attributes). 
Invalid character ($) encountered while parsing (tag "?PHP" with attributes). 
Invalid character ($) encountered while parsing (tag "?PHP" with attributes). 
Invalid character ($) encountered while parsing (tag "?PHP" with attributes). 
Invalid character ($) encountered while parsing (tag "?PHP" with attributes). 
Invalid character ($) encountered while parsing (tag "?PHP" with attributes). 
Invalid character ($) encountered while parsing (tag "?PHP" with attributes). 
Invalid character ($) encountered while parsing (tag "?PHP" with attributes). 
Invalid character ($) encountered while parsing (tag "?PHP" with attributes). 
Invalid character ($) encountered while parsing (tag "?PHP" with attributes). 
Invalid character ($) encountered while parsing (tag "?PHP" with attributes). 
Invalid character ($) encountered while parsing (tag "?PHP" with attributes). 
Invalid character ($) encountered while parsing (tag "?PHP" with attributes). 
Invalid character ($) encountered while parsing (tag "?PHP" with attributes). 
Invalid character ($) encountered while parsing (tag "?PHP" with attributes). 
Invalid character ($) encountered while parsing (tag "?PHP" with attributes). 
Invalid character ($) encountered while parsing (tag "?PHP" with attributes). 
Invalid character ($) encountered while parsing (tag "?PHP" with attributes). 
Invalid character ($) encountered while parsing (tag "?PHP" with attributes). 
Invalid character ($) encountered while parsing (tag "?PHP" with attributes). 
Invalid character ($) encountered while parsing (tag "?PHP" with attributes). 
Invalid character ($) encountered while parsing (tag "?PHP" with attributes). 
Invalid character ($) encountered while parsing (tag "?PHP" with attributes). 
Invalid character ($) encountered while parsing (tag "?PHP" with attributes). 
Invalid character ($) encountered while parsing (tag "?PHP" with attributes). 
Invalid character ($) encountered while parsing (tag "?PHP" with attributes). 
Invalid character ($) encountered while parsing (tag "?PHP" with attributes). 
Invalid character ($) encountered while parsing (tag "?PHP" with attributes). 
Invalid character ($) encountered while parsing (tag "?PHP" with attributes). 
Invalid character ($) encountered while parsing (tag "?PHP" with attributes). 
Invalid character ($) encountered while parsing (tag "?PHP" with attributes). 
Invalid character ($) encountered while parsing (tag "?PHP" with attributes). 
Invalid character ($) encountered while parsing (tag "?PHP" with attributes). 
Invalid character ($) encountered while parsing (tag "?PHP" with attributes). 
Invalid character ($) encountered while parsing (tag "?PHP" with attributes). 
Invalid character ($) encountered while parsing (tag "?PHP" with attributes). 
Invalid character ($) encountered while parsing (tag "?PHP" with attributes). 
Invalid character ($) encountered while parsing (tag "?PHP" with attributes). 
Invalid character ($) encountered while parsing (tag "?PHP" with attributes). 
Invalid character ($) encountered while parsing (tag "?PHP" with attributes). 
Invalid character ($) encountered while parsing (tag "?PHP" with attributes). 
Invalid character ($) encountered while parsing (tag "?PHP" with attributes). 
Invalid character ($) encountered while parsing (tag "?PHP" with attributes). 
Invalid character ($) encountered while parsing (tag "?PHP" with attributes). 
Invalid character ($) encountered while parsing (tag "?PHP" with attributes). 
Invalid character ($) encountered while parsing (tag "?PHP" with attributes). 
Invalid character ($) encountered while parsing (tag "?PHP" with attributes). 
Invalid character ($) encountered while parsing (tag "?PHP" with attributes). 
Invalid character ($) encountered while parsing (tag "?PHP" with attributes). 
Invalid character ($) encountered while parsing (tag "?PHP" with attributes). 
Invalid character ($) encountered while parsing (tag "?PHP" with attributes). 
Invalid character ($) encountered while parsing (tag "?PHP" with attributes). 
Invalid character ($) encountered while parsing (tag "?PHP" with attributes). 
Invalid character ($) encountered while parsing (tag "?PHP" with attributes). 
Invalid character ($) encountered while parsing (tag "?PHP" with attributes). 
Invalid character ($) encountered while parsing (tag "?PHP" with attributes). 
Invalid character ($) encountered while parsing (tag "?PHP" with attributes). 
Invalid character ($) encountered while parsing (tag "?PHP" with attributes). 
Invalid character ($) encountered while parsing (tag "?PHP" with attributes). 
Invalid character ($) encountered while parsing (tag "?PHP" with attributes). 
Invalid character ($) encountered while parsing (tag "?PHP" with attributes). 
Invalid character ($) encountered while parsing (tag "?PHP" with attributes). 
Invalid character ($) encountered while parsing (tag "?PHP" with attributes). 
Invalid character ($) encountered while parsing (tag "?PHP" with attributes). 
Invalid character ($) encountered while parsing (tag "?PHP" with attributes). 
Invalid character ($) encountered while parsing (tag "?PHP" with attributes). 
Invalid character ($) encountered while parsing (tag "?PHP" with attributes). 
Invalid character ($) encountered while parsing (tag "?PHP" with attributes). 
Invalid character ($) encountered while parsing (tag "?PHP" with attributes). 
Invalid character ($) encountered while parsing (tag "?PHP" with attributes). 
Invalid character ($) encountered while parsing (tag "?PHP" with attributes). 
Invalid character ($) encountered while parsing (tag "?PHP" with attributes). 
Invalid character ($) encountered while parsing (tag "?PHP" with attributes). 
Invalid character ($) encountered while parsing (tag "?PHP" with attributes). 
Invalid character ($) encountered while parsing (tag "?PHP" with attributes). 
Invalid character ($) encountered while parsing (tag "?PHP" with attributes). 
Invalid character ($) encountered while parsing (tag "?PHP" with attributes). 
Invalid character ($) encountered while parsing (tag "?PHP" with attributes). 
Invalid character ($) encountered while parsing (tag "?PHP" with attributes). 
Invalid character ($) encountered while parsing (tag "?PHP" with attributes). 
Invalid character ($) encountered while parsing (tag "?PHP" with attributes). 
Invalid character ($) encountered while parsing (tag "?PHP" with attributes). 
Invalid character ($) encountered while parsing (tag "?PHP" with attributes). 
Invalid character ($) encountered while parsing (tag "?PHP" with attributes). 
Invalid character ($) encountered while parsing (tag "?PHP" with attributes). 
Invalid character ($) encountered while parsing (tag "?PHP" with attributes). 
Invalid character ($) encountered while parsing (tag "?PHP" with attributes). 
Invalid character ($) encountered while parsing (tag "?PHP" with attributes). 
Invalid character ($) encountered while parsing (tag "?PHP" with attributes). 
Invalid character ($) encountered while parsing (tag "?PHP" with attributes). 
Invalid character ($) encountered while parsing (tag "?PHP" with attributes). 
Invalid character ($) encountered while parsing (tag "?PHP" with attributes). 
Invalid character ($) encountered while parsing (tag "?PHP" with attributes). 
Invalid character ($) encountered while parsing (tag "?PHP" with attributes). 
Invalid character ($) encountered while parsing (tag "?PHP" with attributes). 
Invalid character ($) encountered while parsing (tag "?PHP" with attributes). 
Invalid character ($) encountered while parsing (tag "?PHP" with attributes). 
Invalid character ($) encountered while parsing (tag "?PHP" with attributes). 
Invalid character ($) encountered while parsing (tag "?PHP" with attributes). 
Invalid character ($) encountered while parsing (tag "?PHP" with attributes). 
Invalid character ($) encountered while parsing (tag "?PHP" with attributes). 
Invalid character ($) encountered while parsing (tag "?PHP" with attributes). 
Invalid character ($) encountered while parsing (tag "?PHP" with attributes). 
Invalid character ($) encountered while parsing (tag "?PHP" with attributes). 
Invalid character ($) encountered while parsing (tag "?PHP" with attributes). 
Invalid character ($) encountered while parsing (tag "?PHP" with attributes). 
Invalid character ($) encountered while parsing (tag "?PHP" with attributes). 
Invalid character ($) encountered while parsing (tag "?PHP" with attributes). 
Invalid character ($) encountered while parsing (tag "?PHP" with attributes). 
Invalid character ($) encountered while parsing (tag "?PHP" with attributes). 
Invalid character (\) encountered while parsing (tag "OPTION" with attributes). 
Invalid character ($) encountered while parsing (tag "?PHP" with attributes). 
Invalid character ($) encountered while parsing (tag "?PHP" with attributes). 
Invalid character ($) encountered while parsing (tag "?PHP" with attributes). 
Invalid character ($) encountered while parsing (tag "?PHP" with attributes). 
Invalid character ($) encountered while parsing (tag "?PHP" with attributes). 
Invalid character ($) encountered while parsing (tag "?PHP" with attributes). 
Invalid character ($) encountered while parsing (tag "?PHP" with attributes). 
Invalid character ($) encountered while parsing (tag "?PHP" with attributes). 
Invalid character ($) encountered while parsing (tag "?PHP" with attributes). 
Invalid character ($) encountered while parsing (tag "?PHP" with attributes). 
Invalid character ($) encountered while parsing (tag "?PHP" with attributes). 
Invalid character ($) encountered while parsing (tag "?PHP" with attributes). 
Invalid character ($) encountered while parsing (tag "?PHP" with attributes). 
Invalid character ($) encountered while parsing (tag "?PHP" with attributes). 
Invalid character ($) encountered while parsing (tag "?PHP" with attributes). 
Invalid character ($) encountered while parsing (tag "?PHP" with attributes). 
Invalid character ($) encountered while parsing (tag "?PHP" with attributes). 
Invalid character ($) encountered while parsing (tag "?PHP" with attributes). 
Invalid character ($) encountered while parsing (tag "?PHP" with attributes). 
Invalid character ($) encountered while parsing (tag "?PHP" with attributes). 
Invalid character ($) encountered while parsing (tag "?PHP" with attributes). 
Invalid character ($) encountered while parsing (tag "?PHP" with attributes). 
Invalid character ($) encountered while parsing (tag "?PHP" with attributes). 
Invalid character ($) encountered while parsing (tag "?PHP" with attributes). 
Invalid character ($) encountered while parsing (tag "?PHP" with attributes). 
Invalid character ($) encountered while parsing (tag "?PHP" with attributes). 
Invalid character ($) encountered while parsing (tag "?PHP" with attributes). 
Invalid character ($) encountered while parsing (tag "?PHP" with attributes). 
Invalid character ($) encountered while parsing (tag "?PHP" with attributes). 
Invalid character ($) encountered while parsing (tag "?PHP" with attributes). 
Invalid character ($) encountered while parsing (tag "?PHP" with attributes). 
Invalid character ($) encountered while parsing (tag "?PHP" with attributes). 
Invalid character ($) encountered while parsing (tag "?PHP" with attributes). 
Invalid character ($) encountered while parsing (tag "?PHP" with attributes). 
Invalid character ($) encountered while parsing (tag "?PHP" with attributes). 
Invalid character ($) encountered while parsing (tag "?PHP" with attributes). 
Invalid character ($) encountered while parsing (tag "?PHP" with attributes). 
Invalid character ($) encountered while parsing (tag "?PHP" with attributes). 
Invalid character ($) encountered while parsing (tag "?PHP" with attributes). 
Invalid character ($) encountered while parsing (tag "?PHP" with attributes). 
Invalid character ($) encountered while parsing (tag "?PHP" with attributes). 
Invalid character ($) encountered while parsing (tag "?PHP" with attributes). 
Invalid character ($) encountered while parsing (tag "?PHP" with attributes). 
Invalid character ($) encountered while parsing (tag "?PHP" with attributes). 
Invalid character ($) encountered while parsing (tag "?PHP" with attributes). 
Invalid character ($) encountered while parsing (tag "?PHP" with attributes). 
Invalid character ($) encountered while parsing (tag "?PHP" with attributes). 
Invalid character ($) encountered while parsing (tag "?PHP" with attributes). 
Invalid character ($) encountered while parsing (tag "?PHP" with attributes). 
Invalid character ($) encountered while parsing (tag "?PHP" with attributes). 
Invalid character ($) encountered while parsing (tag "?PHP" with attributes). 
Invalid character ($) encountered while parsing (tag "?PHP" with attributes). 
Invalid character ($) encountered while parsing (tag "?PHP" with attributes). 
Invalid character ($) encountered while parsing (tag "?PHP" with attributes). 
Invalid character ($) encountered while parsing (tag "?PHP" with attributes). 
Invalid character ($) encountered while parsing (tag "?PHP" with attributes). 
Invalid character ($) encountered while parsing (tag "?PHP" with attributes). 
Invalid character ($) encountered while parsing (tag "?PHP" with attributes). 
Invalid character ($) encountered while parsing (tag "?PHP" with attributes). 
Invalid character ($) encountered while parsing (tag "?PHP" with attributes). 
Invalid character ($) encountered while parsing (tag "?PHP" with attributes). 
Invalid character ($) encountered while parsing (tag "?PHP" with attributes). 
Invalid character ($) encountered while parsing (tag "?PHP" with attributes). 
Invalid character ($) encountered while parsing (tag "?PHP" with attributes). 
Invalid character ($) encountered while parsing (tag "?PHP" with attributes). 
Invalid character ($) encountered while parsing (tag "?PHP" with attributes). 
Invalid character ($) encountered while parsing (tag "?PHP" with attributes). 
Invalid character ($) encountered while parsing (tag "?PHP" with attributes). 
Invalid character ($) encountered while parsing (tag "?PHP" with attributes). 
Invalid character ($) encountered while parsing (tag "?PHP" with attributes). 
Invalid character ($) encountered while parsing (tag "?PHP" with attributes). 
Invalid character ($) encountered while parsing (tag "?PHP" with attributes). 
Invalid character ($) encountered while parsing (tag "?PHP" with attributes). 
Invalid character ($) encountered while parsing (tag "?PHP" with attributes). 
Invalid character ($) encountered while parsing (tag "?PHP" with attributes). 
Invalid character ($) encountered while parsing (tag "?PHP" with attributes). 
Invalid character ($) encountered while parsing (tag "?PHP" with attributes). 
Invalid character ($) encountered while parsing (tag "?PHP" with attributes). 
Invalid character ($) encountered while parsing (tag "?PHP" with attributes). 
Invalid character ($) encountered while parsing (tag "?PHP" with attributes). 
Invalid character ($) encountered while parsing (tag "?PHP" with attributes). 
Invalid character ($) encountered while parsing (tag "?PHP" with attributes). 
Invalid character ($) encountered while parsing (tag "?PHP" with attributes). 
Invalid character ($) encountered while parsing (tag "?PHP" with attributes). 
Invalid character ($) encountered while parsing (tag "?PHP" with attributes). 
Invalid character ($) encountered while parsing (tag "?PHP" with attributes). 
Invalid character ($) encountered while parsing (tag "?PHP" with attributes). 
Invalid character ($) encountered while parsing (tag "?PHP" with attributes). 
Invalid character ($) encountered while parsing (tag "?PHP" with attributes). 
Invalid character ($) encountered while parsing (tag "?PHP" with attributes). 
Invalid character ($) encountered while parsing (tag "?PHP" with attributes). 
Invalid character ($) encountered while parsing (tag "?PHP" with attributes). 
Invalid character ($) encountered while parsing (tag "?PHP" with attributes). 
Invalid character ($) encountered while parsing (tag "?PHP" with attributes). 
Invalid character ($) encountered while parsing (tag "?PHP" with attributes). 
Invalid character ($) encountered while parsing (tag "?PHP" with attributes). 
Invalid character ($) encountered while parsing (tag "?PHP" with attributes). 
Invalid character ($) encountered while parsing (tag "?PHP" with attributes). 
Invalid character ($) encountered while parsing (tag "?PHP" with attributes). 
Invalid character ($) encountered while parsing (tag "?PHP" with attributes). 
Invalid character ($) encountered while parsing (tag "?PHP" with attributes). 
Invalid character ($) encountered while parsing (tag "?PHP" with attributes). 
Invalid character ($) encountered while parsing (tag "?PHP" with attributes). 
Invalid character ($) encountered while parsing (tag "?PHP" with attributes). 
Invalid character ($) encountered while parsing (tag "?PHP" with attributes). 
Invalid character ($) encountered while parsing (tag "?PHP" with attributes). 
Invalid character ($) encountered while parsing (tag "?PHP" with attributes). 
Invalid character ($) encountered while parsing (tag "?PHP" with attributes). 
Invalid character ($) encountered while parsing (tag "?PHP" with attributes). 
Invalid character ($) encountered while parsing (tag "?PHP" with attributes). 
Invalid character ($) encountered while parsing (tag "?PHP" with attributes). 
Invalid character ($) encountered while parsing (tag "?PHP" with attributes). 
Invalid character ($) encountered while parsing (tag "?PHP" with attributes). 
Invalid character ($) encountered while parsing (tag "?PHP" with attributes). 
Invalid character ($) encountered while parsing (tag "?PHP" with attributes). 
Invalid character ($) encountered while parsing (tag "?PHP" with attributes). 
Invalid character ($) encountered while parsing (tag "?PHP" with attributes). 
Invalid character ($) encountered while parsing (tag "?PHP" with attributes). 
Invalid character ($) encountered while parsing (tag "?PHP" with attributes). 
Invalid character ($) encountered while parsing (tag "?PHP" with attributes). 
Invalid character ($) encountered while parsing (tag "?PHP" with attributes). 
Invalid character ($) encountered while parsing (tag "?PHP" with attributes). 
Invalid character ($) encountered while parsing (tag "?PHP" with attributes). 
Invalid character ($) encountered while parsing (tag "?PHP" with attributes). 
Invalid character ($) encountered while parsing (tag "?PHP" with attributes). 
Invalid character ($) encountered while parsing (tag "?PHP" with attributes). 
Invalid character ($) encountered while parsing (tag "?PHP" with attributes). 
Invalid character ($) encountered while parsing (tag "?PHP" with attributes). 
Invalid character ($) encountered while parsing (tag "?PHP" with attributes). 
Invalid character ($) encountered while parsing (tag "?PHP" with attributes). 
Invalid character (\) encountered while parsing (tag "OPTION" with attributes). 
Invalid character (\) encountered while parsing (tag "OPTION" with attributes). 
Invalid character (\) encountered while parsing (tag "A" with attributes). 
Invalid character (\) encountered while parsing (tag "A" with attributes). 
Invalid character (\) encountered while parsing (tag "INPUT" with attributes). 
Invalid character (\) encountered while parsing (tag "INPUT" with attributes). 
Invalid character (\) encountered while parsing (tag "INPUT" with attributes). 
Invalid character ($) encountered while parsing (tag "?PHP" with attributes). 
Invalid character ($) encountered while parsing (tag "?PHP" with attributes). 
Invalid character ($) encountered while parsing (tag "?PHP" with attributes). 
Invalid character ($) encountered while parsing (tag "?PHP" with attributes). 
Invalid character ($) encountered while parsing (tag "?PHP" with attributes). 
Invalid character (\) encountered while parsing (tag "FORM" with attributes). 
Invalid character (\) encountered while parsing (tag "A" with attributes). 
Invalid character ($) encountered while parsing (tag "?PHP" with attributes). 
Invalid character ($) encountered while parsing (tag "?PHP" with attributes). 
Invalid character ($) encountered while parsing (tag "?PHP" with attributes). 
Invalid character ($) encountered while parsing (tag "?PHP" with attributes). 
Invalid character ($) encountered while parsing (tag "?PHP" with attributes). 
Invalid character ($) encountered while parsing (tag "?PHP" with attributes). 
Invalid character (\) encountered while parsing (tag "A" with attributes). 
Invalid character ($) encountered while parsing (tag "?PHP" with attributes). 
Invalid character ($) encountered while parsing (tag "?PHP" with attributes). 
Invalid character ($) encountered while parsing (tag "?PHP" with attributes). 
Invalid character ($) encountered while parsing (tag "?PHP" with attributes). 
